MPlayer 1.3.0 (Debian), built with gcc-7 (C) 2000-2016 MPlayer Team
do_connect: could not connect to socket
connect: No such file or directory
Failed to open LIRC support. You will not be able to use your remote control.

Playing /home/umen/.GameScript/Sounds/default/Music/1.mp3.
libavformat version 57.83.100 (external)
libavformat file format detected.
[mov,mp4,m4a,3gp,3g2,mj2 @ 0x7f4fe702f2a0]Protocol name not provided, cannot determine if input is local or a network protocol, buffers and access patterns cannot be configured optimally without knowing the protocol
[lavf] stream 0: audio (aac), -aid 0, -alang und
Clip info:
 major_brand: isom
 minor_version: 512
 compatible_brands: isomiso2mp41
 encoder: Lavf57.83.100
Load subtitles in /home/umen/.GameScript/Sounds/default/Music/
==========================================================================
Opening audio decoder: [ffmpeg] FFmpeg/libavcodec audio decoders
libavcodec version 57.107.100 (external)
AUDIO: 44100 Hz, 2 ch, floatle, 125.6 kbit/4.45% (ratio: 15698->352800)
Selected audio codec: [ffaac] afm: ffmpeg (FFmpeg AAC (MPEG-2/MPEG-4 Audio))
==========================================================================
AO: [pulse] 44100Hz 2ch floatle (4 bytes per sample)
Video: no video
Starting playback...
A:   0.0 (unknown) of 3927.1 ( 1:05:27.0) ??,?% [JA:   0.0 (00.0) of 3927.1 ( 1:05:27.0) ??,?% [JA:   0.2 (00.1) of 3927.1 ( 1:05:27.0)  0.4% [JA:   0.3 (00.3) of 3927.1 ( 1:05:27.0)  0.4% [JA:   0.5 (00.5) of 3927.1 ( 1:05:27.0)  0.5% [JA:   0.7 (00.6) of 3927.1 ( 1:05:27.0)  0.5% [JA:   0.8 (00.7) of 3927.1 ( 1:05:27.0)  0.5% [JA:   1.0 (00.9) of 3927.1 ( 1:05:27.0)  0.5% [JA:   1.2 (01.1) of 3927.1 ( 1:05:27.0)  0.5% [JA:   1.3 (01.2) of 3927.1 ( 1:05:27.0)  0.5% [JA:   1.5 (01.4) of 3927.1 ( 1:05:27.0)  0.5% [JA:   1.7 (01.6) of 3927.1 ( 1:05:27.0)  0.5% [JA:   1.8 (01.7) of 3927.1 ( 1:05:27.0)  0.6% [JA:   2.0 (01.9) of 3927.1 ( 1:05:27.0)  0.6% [J


MPlayer interrupted by signal 2 in module: play_audio
A:   2.2 (02.1) of 3927.1 ( 1:05:27.0)  0.6% [J

Exiting... (Quit)
MPlayer 1.3.0 (Debian), built with gcc-7 (C) 2000-2016 MPlayer Team
do_connect: could not connect to socket
connect: No such file or directory
Failed to open LIRC support. You will not be able to use your remote control.

Playing /home/umen/.GameScript/Sounds/default/Music/1.mp3.
libavformat version 57.83.100 (external)
libavformat file format detected.
[mov,mp4,m4a,3gp,3g2,mj2 @ 0x7f3df80732a0]Protocol name not provided, cannot determine if input is local or a network protocol, buffers and access patterns cannot be configured optimally without knowing the protocol
[lavf] stream 0: audio (aac), -aid 0, -alang und
Clip info:
 major_brand: isom
 minor_version: 512
 compatible_brands: isomiso2mp41
 encoder: Lavf57.83.100
Load subtitles in /home/umen/.GameScript/Sounds/default/Music/
==========================================================================
Opening audio decoder: [ffmpeg] FFmpeg/libavcodec audio decoders
libavcodec version 57.107.100 (external)
AUDIO: 44100 Hz, 2 ch, floatle, 125.6 kbit/4.45% (ratio: 15698->352800)
Selected audio codec: [ffaac] afm: ffmpeg (FFmpeg AAC (MPEG-2/MPEG-4 Audio))
==========================================================================
AO: [pulse] 44100Hz 2ch floatle (4 bytes per sample)
Video: no video
Starting playback...
A:   0.0 (unknown) of 3927.1 ( 1:05:27.0) ??,?% [JA:   0.0 (00.0) of 3927.1 ( 1:05:27.0) ??,?% [JA:   0.2 (00.1) of 3927.1 ( 1:05:27.0)  0.3% [JA:   0.3 (00.3) of 3927.1 ( 1:05:27.0)  0.4% [JA:   0.5 (00.5) of 3927.1 ( 1:05:27.0)  0.4% [JA:   0.7 (00.6) of 3927.1 ( 1:05:27.0)  0.4% [JA:   0.8 (00.8) of 3927.1 ( 1:05:27.0)  0.4% [JA:   1.0 (00.9) of 3927.1 ( 1:05:27.0)  0.5% [J


MPlayer interrupted by signal 2 in module: play_audio
A:   1.2 (01.1) of 3927.1 ( 1:05:27.0)  0.5% [J

Exiting... (Quit)
